[GIN-debug] [WARNING] Running in "debug" mode. Switch to "release" mode in production.
 - using env:	export GIN_MODE=release
 - using code:	gin.SetMode(gin.ReleaseMode)

[GIN-debug] GET    /css/*filepath            --> github.com/gin-gonic/gin.(*RouterGroup).createStaticHandler.func1 (1 handlers)
[GIN-debug] HEAD   /css/*filepath            --> github.com/gin-gonic/gin.(*RouterGroup).createStaticHandler.func1 (1 handlers)
[GIN-debug] Loaded HTML Templates (4): 
	- 
	- footer.html
	- header.html
	- index.html

[GIN-debug] POST   /login                    --> main.main.func1 (3 handlers)
[GIN-debug] GET    /api/videos               --> main.main.func2 (4 handlers)
[GIN-debug] POST   /api/videos               --> main.main.func3 (4 handlers)
[GIN-debug] GET    /view/videos              --> PR_gin_g/controller.VideoController.ShowAll-fm (3 handlers)
[GIN-debug] [WARNING] You trusted all proxies, this is NOT safe. We recommend you to set a value.
Please check https://pkg.go.dev/github.com/gin-gonic/gin#readme-don-t-trust-all-proxies for details.
[GIN-debug] Listening and serving HTTP on :8080
::1 - [Tue, 12 Jul 2022 13:32:33 +07] "POST /login 200 345.307µs 
::1 - [Tue, 12 Jul 2022 13:36:24 +07] "POST /api/videos 400 242.731µs 
::1 - [Tue, 12 Jul 2022 13:36:57 +07] "POST /api/videos 200 129.375µs 
::1 - [Tue, 12 Jul 2022 13:36:58 +07] "POST /api/videos 200 123.915µs 
::1 - [Tue, 12 Jul 2022 13:36:59 +07] "POST /api/videos 200 160.568µs 
::1 - [Tue, 12 Jul 2022 13:37:02 +07] "GET /api/videos 200 79.239µs 
::1 - [Tue, 12 Jul 2022 13:37:03 +07] "GET /api/videos 200 59.195µs 
::1 - [Tue, 12 Jul 2022 13:37:36 +07] "GET /api/videos 401 38.525µs 
::1 - [Tue, 12 Jul 2022 13:37:42 +07] "GET /api/videos 200 73.577µs 
